2025-07-27 04:07:47 INFO  c.e.writer.EmailWriterSbApplication - Starting EmailWriterSbApplication using Java 21.0.8 with PID 25412 (E:\PROJECTS\email-writer-sb\target\classes started by anant in E:\PROJECTS\email-writer-sb)
2025-07-27 04:07:47 DEBUG c.e.writer.EmailWriterSbApplication - Running with Spring Boot v4.0.0-M1, Spring v7.0.0-M7
2025-07-27 04:07:47 INFO  c.e.writer.EmailWriterSbApplication - No active profile set, falling back to 1 default profile: "default"
2025-07-27 04:07:48 INFO  o.s.boot.tomcat.TomcatWebServer - Tomcat initialized with port 8080 (http)
2025-07-27 04:07:48 INFO  o.a.coyote.http11.Http11NioProtocol - Initializing ProtocolHandler ["http-nio-8080"]
2025-07-27 04:07:48 INFO  o.a.catalina.core.StandardService - Starting service [Tomcat]
2025-07-27 04:07:48 INFO  o.a.catalina.core.StandardEngine - Starting Servlet engine: [Apache Tomcat/11.0.9]
2025-07-27 04:07:48 INFO  o.s.b.w.c.s.WebApplicationContextInitializer - Root WebApplicationContext: initialization completed in 1083 ms
2025-07-27 04:07:48 INFO  o.s.b.a.e.web.EndpointLinksResolver - Exposing 1 endpoint beneath base path '/actuator'
2025-07-27 04:07:48 INFO  o.a.coyote.http11.Http11NioProtocol - Starting ProtocolHandler ["http-nio-8080"]
2025-07-27 04:07:48 INFO  o.s.boot.tomcat.TomcatWebServer - Tomcat started on port 8080 (http) with context path '/'
2025-07-27 04:07:48 INFO  c.e.writer.EmailWriterSbApplication - Started EmailWriterSbApplication in 2.417 seconds (process running for 2.779)
2025-07-27 04:07:57 INFO  o.a.c.c.C.[Tomcat].[localhost].[/] - Initializing Spring DispatcherServlet 'dispatcherServlet'
2025-07-27 04:07:57 INFO  o.s.web.servlet.DispatcherServlet - Initializing Servlet 'dispatcherServlet'
2025-07-27 04:07:57 INFO  o.s.web.servlet.DispatcherServlet - Completed initialization in 1 ms
2025-07-27 04:11:39 INFO  o.s.boot.tomcat.GracefulShutdown - Commencing graceful shutdown. Waiting for active requests to complete
2025-07-27 04:11:39 INFO  o.s.boot.tomcat.GracefulShutdown - Graceful shutdown complete
2025-07-27 14:42:42 INFO  c.e.writer.EmailWriterSbApplication - Starting EmailWriterSbApplication using Java 21.0.8 with PID 24616 (E:\PROJECTS\email-writer-sb\target\classes started by anant in E:\PROJECTS\email-writer-sb)
2025-07-27 14:42:42 DEBUG c.e.writer.EmailWriterSbApplication - Running with Spring Boot v4.0.0-M1, Spring v7.0.0-M7
2025-07-27 14:42:42 INFO  c.e.writer.EmailWriterSbApplication - No active profile set, falling back to 1 default profile: "default"
2025-07-27 14:42:44 INFO  o.s.boot.tomcat.TomcatWebServer - Tomcat initialized with port 8080 (http)
2025-07-27 14:42:44 INFO  o.a.coyote.http11.Http11NioProtocol - Initializing ProtocolHandler ["http-nio-8080"]
2025-07-27 14:42:44 INFO  o.a.catalina.core.StandardService - Starting service [Tomcat]
2025-07-27 14:42:44 INFO  o.a.catalina.core.StandardEngine - Starting Servlet engine: [Apache Tomcat/11.0.9]
2025-07-27 14:42:44 INFO  o.s.b.w.c.s.WebApplicationContextInitializer - Root WebApplicationContext: initialization completed in 2203 ms
2025-07-27 14:42:45 INFO  o.s.b.a.e.web.EndpointLinksResolver - Exposing 1 endpoint beneath base path '/actuator'
2025-07-27 14:42:45 INFO  o.a.coyote.http11.Http11NioProtocol - Starting ProtocolHandler ["http-nio-8080"]
2025-07-27 14:42:45 INFO  o.s.boot.tomcat.TomcatWebServer - Tomcat started on port 8080 (http) with context path '/'
2025-07-27 14:42:46 INFO  c.e.writer.EmailWriterSbApplication - Started EmailWriterSbApplication in 5.092 seconds (process running for 5.901)
2025-07-27 14:43:59 INFO  o.a.c.c.C.[Tomcat].[localhost].[/] - Initializing Spring DispatcherServlet 'dispatcherServlet'
2025-07-27 14:43:59 INFO  o.s.web.servlet.DispatcherServlet - Initializing Servlet 'dispatcherServlet'
2025-07-27 14:43:59 INFO  o.s.web.servlet.DispatcherServlet - Completed initialization in 2 ms
2025-07-27 14:46:59 INFO  o.s.boot.tomcat.GracefulShutdown - Commencing graceful shutdown. Waiting for active requests to complete
2025-07-27 14:46:59 INFO  o.s.boot.tomcat.GracefulShutdown - Graceful shutdown complete
2025-07-27 14:47:16 INFO  c.e.writer.EmailWriterSbApplication - Starting EmailWriterSbApplication using Java 21.0.8 with PID 18392 (E:\PROJECTS\email-writer-sb\target\classes started by anant in E:\PROJECTS\email-writer-sb)
2025-07-27 14:47:16 DEBUG c.e.writer.EmailWriterSbApplication - Running with Spring Boot v4.0.0-M1, Spring v7.0.0-M7
2025-07-27 14:47:16 INFO  c.e.writer.EmailWriterSbApplication - No active profile set, falling back to 1 default profile: "default"
2025-07-27 14:47:18 INFO  o.s.boot.tomcat.TomcatWebServer - Tomcat initialized with port 8080 (http)
2025-07-27 14:47:18 INFO  o.a.coyote.http11.Http11NioProtocol - Initializing ProtocolHandler ["http-nio-8080"]
2025-07-27 14:47:18 INFO  o.a.catalina.core.StandardService - Starting service [Tomcat]
2025-07-27 14:47:18 INFO  o.a.catalina.core.StandardEngine - Starting Servlet engine: [Apache Tomcat/11.0.9]
2025-07-27 14:47:18 INFO  o.s.b.w.c.s.WebApplicationContextInitializer - Root WebApplicationContext: initialization completed in 1906 ms
2025-07-27 14:47:20 INFO  o.s.b.a.e.web.EndpointLinksResolver - Exposing 1 endpoint beneath base path '/actuator'
2025-07-27 14:47:20 INFO  o.a.coyote.http11.Http11NioProtocol - Starting ProtocolHandler ["http-nio-8080"]
2025-07-27 14:47:20 INFO  o.s.boot.tomcat.TomcatWebServer - Tomcat started on port 8080 (http) with context path '/'
2025-07-27 14:47:20 INFO  c.e.writer.EmailWriterSbApplication - Started EmailWriterSbApplication in 4.336 seconds (process running for 5.081)
2025-07-27 14:47:28 INFO  o.a.c.c.C.[Tomcat].[localhost].[/] - Initializing Spring DispatcherServlet 'dispatcherServlet'
2025-07-27 14:47:28 INFO  o.s.web.servlet.DispatcherServlet - Initializing Servlet 'dispatcherServlet'
2025-07-27 14:47:28 INFO  o.s.web.servlet.DispatcherServlet - Completed initialization in 2 ms
